#
# There is insufficient memory for the Java Runtime Environment to continue.
# Native memory allocation (mmap) failed to map 132120576 bytes for G1 virtual space
# Possible reasons:
#   The system is out of physical RAM or swap space
#   The process is running with CompressedOops enabled, and the Java Heap may be blocking the growth of the native heap
# Possible solutions:
#   Reduce memory load on the system
#   Increase physical memory or swap space
#   Check if swap backing store is full
#   Decrease Java heap size (-Xmx/-Xms)
#   Decrease number of Java threads
#   Decrease Java thread stack sizes (-Xss)
#   Set larger code cache with -XX:ReservedCodeCacheSize=
#   JVM is running with Unscaled Compressed Oops mode in which the Java heap is
#     placed in the first 4GB address space. The Java Heap base address is the
#     maximum limit for the native heap growth. Please use -XX:HeapBaseMinAddress
#     to set the Java Heap base and to place the Java Heap above 4GB virtual address.
# This output file may be truncated or incomplete.
#
#  Out of Memory Error (os_windows.cpp:3536), pid=30972, tid=23780
#
# JRE version:  (19.0.2+7) (build )
# Java VM: OpenJDK 64-Bit Server VM (19.0.2+7-44, mixed mode, sharing, tiered, compressed oops, compressed class ptrs, g1 gc, windows-amd64)
# No core dump will be written. Minidumps are not enabled by default on client versions of Windows
#

---------------  S U M M A R Y ------------

Command Line: -javaagent:C:\Program Files\JetBrains\IntelliJ IDEA Community Edition 2022.3.1\lib\idea_rt.jar=53293:C:\Program Files\JetBrains\IntelliJ IDEA Community Edition 2022.3.1\bin -Dfile.encoding=UTF-8 -Dsun.stdout.encoding=UTF-8 -Dsun.stderr.encoding=UTF-8 Cashier

Host: 11th Gen Intel(R) Core(TM) i5-11400H @ 2.70GHz, 12 cores, 7G,  Windows 11 , 64 bit Build 22621 (10.0.22621.4391)
Time: Wed Nov 20 13:49:08 2024 SE Asia Standard Time elapsed time: 0.015315 seconds (0d 0h 0m 0s)

---------------  T H R E A D  ---------------

Current thread (0x000001897d74ec00):  JavaThread "Unknown thread" [_thread_in_vm, id=23780, stack(0x0000004c07100000,0x0000004c07200000)]

Stack: [0x0000004c07100000,0x0000004c07200000]
Native frames: (J=compiled Java code, j=interpreted, Vv=VM code, C=native code)
V  [jvm.dll+0x6ee21a]
V  [jvm.dll+0x85765e]
V  [jvm.dll+0x85904e]
V  [jvm.dll+0x859703]
V  [jvm.dll+0x28298f]
V  [jvm.dll+0x6eb009]
V  [jvm.dll+0x6dfbaa]
V  [jvm.dll+0x3573f6]
V  [jvm.dll+0x35ee56]
V  [jvm.dll+0x3b541e]
V  [jvm.dll+0x3b564f]
V  [jvm.dll+0x32c9ea]
V  [jvm.dll+0x32d89e]
V  [jvm.dll+0x821780]
V  [jvm.dll+0x3c2661]
V  [jvm.dll+0x801f51]
V  [jvm.dll+0x44ae8f]
V  [jvm.dll+0x44c811]
C  [jli.dll+0x5287]
C  [ucrtbase.dll+0x29333]
C  [KERNEL32.DLL+0x1259d]
C  [ntdll.dll+0x5af38]


---------------  P R O C E S S  ---------------

Threads class SMR info:
_java_thread_list=0x00007ff86a5cd048, length=0, elements={
}

Java Threads: ( => current thread )

Other Threads:
  0x000001897d7b2a10 WorkerThread "GC Thread#0" [stack: 0x0000004c07200000,0x0000004c07300000] [id=29284]
  0x000001897d7c3450 ConcurrentGCThread "G1 Main Marker" [stack: 0x0000004c07300000,0x0000004c07400000] [id=23856]
  0x000001897d7c3e80 WorkerThread "G1 Conc#0" [stack: 0x0000004c07400000,0x0000004c07500000] [id=15156]

[error occurred during error reporting (printing all threads), id 0xc0000005, EXCEPTION_ACCESS_VIOLATION (0xc0000005) at pc=0x00007ff869d8d427]

VM state: not at safepoint (not fully initialized)

VM Mutex/Monitor currently owned by a thread:  ([mutex/lock_event])
[0x000001897d749650] Heap_lock - owner thread: 0x000001897d74ec00

Heap address: 0x0000000083600000, size: 1994 MB, Compressed Oops mode: 32-bit

CDS archive(s) mapped at: [0x0000000000000000-0x0000000000000000-0x0000000000000000), size 0, SharedBaseAddress: 0x0000000800000000, ArchiveRelocationMode: 0.
Narrow klass base: 0x0000000000000000, Narrow klass shift: 0, Narrow klass range: 0x0

GC Precious Log:
 CardTable entry size: 512
 Card Set container configuration: InlinePtr #cards 5 size 8 Array Of Cards #cards 12 size 40 Howl #buckets 4 coarsen threshold 1843 Howl Bitmap #cards 512 size 80 coarsen threshold 460 Card regions per heap region 1 cards per card region 2048

Heap:
 garbage-first heap   total 0K, used 0K [0x0000000083600000, 0x0000000100000000)
  region size 1024K, 0 young (0K), 0 survivors (0K)

[error occurred during error reporting (printing heap information), id 0xc0000005, EXCEPTION_ACCESS_VIOLATION (0xc0000005) at pc=0x00007ff86a196649]

GC Heap History (0 events):
No events

Dll operation events (1 events):
Event: 0.009 Loaded shared library C:\Users\rangg\.jdks\openjdk-19.0.2\bin\java.dll

Deoptimization events (0 events):
No events

Classes loaded (0 events):
No events

Classes unloaded (0 events):
No events

Classes redefined (0 events):
No events

Internal exceptions (0 events):
No events

VM Operations (0 events):
No events

Events (0 events):
No events


Dynamic libraries:
0x00007ff7f4450000 - 0x00007ff7f445e000 	C:\Users\rangg\.jdks\openjdk-19.0.2\bin\java.exe
0x00007ff9aa990000 - 0x00007ff9aaba7000 	C:\WINDOWS\SYSTEM32\ntdll.dll
0x00007ff9a9ac0000 - 0x00007ff9a9b84000 	C:\WINDOWS\System32\KERNEL32.DLL
0x00007ff9a7d50000 - 0x00007ff9a8109000 	C:\WINDOWS\System32\KERNELBASE.dll
0x00007ff9a8110000 - 0x00007ff9a8221000 	C:\WINDOWS\System32\ucrtbase.dll
0x00007ff96e020000 - 0x00007ff96e03b000 	C:\Users\rangg\.jdks\openjdk-19.0.2\bin\VCRUNTIME140.dll
0x00007ff96d800000 - 0x00007ff96d817000 	C:\Users\rangg\.jdks\openjdk-19.0.2\bin\jli.dll
0x00007ff9a98e0000 - 0x00007ff9a9a8e000 	C:\WINDOWS\System32\USER32.dll
0x00007ff9a84e0000 - 0x00007ff9a8506000 	C:\WINDOWS\System32\win32u.dll
0x00007ff995ec0000 - 0x00007ff996152000 	C:\WINDOWS\WinSxS\amd64_microsoft.windows.common-controls_6595b64144ccf1df_6.0.22621.4391_none_2715d37f73803e96\COMCTL32.dll
0x00007ff9aa390000 - 0x00007ff9aa3b9000 	C:\WINDOWS\System32\GDI32.dll
0x00007ff9a8590000 - 0x00007ff9a86ab000 	C:\WINDOWS\System32\gdi32full.dll
0x00007ff9a9070000 - 0x00007ff9a9117000 	C:\WINDOWS\System32\msvcrt.dll
0x00007ff9a8440000 - 0x00007ff9a84da000 	C:\WINDOWS\System32\msvcp_win.dll
0x00007ff9a9f30000 - 0x00007ff9a9f61000 	C:\WINDOWS\System32\IMM32.DLL
0x00007ff96dd10000 - 0x00007ff96dd1c000 	C:\Users\rangg\.jdks\openjdk-19.0.2\bin\vcruntime140_1.dll
0x00007ff8eb4f0000 - 0x00007ff8eb57e000 	C:\Users\rangg\.jdks\openjdk-19.0.2\bin\msvcp140.dll
0x00007ff869a50000 - 0x00007ff86a710000 	C:\Users\rangg\.jdks\openjdk-19.0.2\bin\server\jvm.dll
0x00007ff9aa0f0000 - 0x00007ff9aa1a2000 	C:\WINDOWS\System32\ADVAPI32.dll
0x00007ff9a9c40000 - 0x00007ff9a9ce7000 	C:\WINDOWS\System32\sechost.dll
0x00007ff9a8410000 - 0x00007ff9a8438000 	C:\WINDOWS\System32\bcrypt.dll
0x00007ff9aa830000 - 0x00007ff9aa944000 	C:\WINDOWS\System32\RPCRT4.dll
0x00007ff99fe50000 - 0x00007ff99fe84000 	C:\WINDOWS\SYSTEM32\WINMM.dll
0x00007ff8f0340000 - 0x00007ff8f0349000 	C:\WINDOWS\SYSTEM32\WSOCK32.dll
0x00007ff99f7e0000 - 0x00007ff99f7ea000 	C:\WINDOWS\SYSTEM32\VERSION.dll
0x00007ff9aa1b0000 - 0x00007ff9aa221000 	C:\WINDOWS\System32\WS2_32.dll
0x00007ff9a6dc0000 - 0x00007ff9a6dd8000 	C:\WINDOWS\SYSTEM32\kernel.appcore.dll
0x00007ff96d7f0000 - 0x00007ff96d7fa000 	C:\Users\rangg\.jdks\openjdk-19.0.2\bin\jimage.dll
0x00007ff9a5780000 - 0x00007ff9a59b2000 	C:\WINDOWS\SYSTEM32\DBGHELP.DLL
0x00007ff9aa3c0000 - 0x00007ff9aa74f000 	C:\WINDOWS\System32\combase.dll
0x00007ff9a86b0000 - 0x00007ff9a8787000 	C:\WINDOWS\System32\OLEAUT32.dll
0x00007ff976120000 - 0x00007ff976152000 	C:\WINDOWS\SYSTEM32\dbgcore.DLL
0x00007ff9a8510000 - 0x00007ff9a858b000 	C:\WINDOWS\System32\bcryptPrimitives.dll
0x00007ff955900000 - 0x00007ff95590e000 	C:\Users\rangg\.jdks\openjdk-19.0.2\bin\instrument.dll
0x00007ff94ed30000 - 0x00007ff94ed56000 	C:\Users\rangg\.jdks\openjdk-19.0.2\bin\java.dll

dbghelp: loaded successfully - version: 4.0.5 - missing functions: none
symbol engine: initialized successfully - sym options: 0x614 - pdb path: .;C:\Users\rangg\.jdks\openjdk-19.0.2\bin;C:\WINDOWS\SYSTEM32;C:\WINDOWS\WinSxS\amd64_microsoft.windows.common-controls_6595b64144ccf1df_6.0.22621.4391_none_2715d37f73803e96;C:\Users\rangg\.jdks\openjdk-19.0.2\bin\server

VM Arguments:
jvm_args: -javaagent:C:\Program Files\JetBrains\IntelliJ IDEA Community Edition 2022.3.1\lib\idea_rt.jar=53293:C:\Program Files\JetBrains\IntelliJ IDEA Community Edition 2022.3.1\bin -Dfile.encoding=UTF-8 -Dsun.stdout.encoding=UTF-8 -Dsun.stderr.encoding=UTF-8 
java_command: Cashier
java_class_path (initial): C:\Users\rangg\IdeaProjects\Kasir\out\production\Kasir
Launcher Type: SUN_STANDARD

[Global flags]
     intx CICompilerCount                          = 4                                         {product} {ergonomic}
     uint ConcGCThreads                            = 3                                         {product} {ergonomic}
     uint G1ConcRefinementThreads                  = 10                                        {product} {ergonomic}
   size_t G1HeapRegionSize                         = 1048576                                   {product} {ergonomic}
    uintx GCDrainStackTargetSize                   = 64                                        {product} {ergonomic}
   size_t InitialHeapSize                          = 132120576                                 {product} {ergonomic}
   size_t MarkStackSize                            = 4194304                                   {product} {ergonomic}
   size_t MaxHeapSize                              = 2090860544                                {product} {ergonomic}
   size_t MinHeapDeltaBytes                        = 1048576                                   {product} {ergonomic}
   size_t MinHeapSize                              = 8388608                                   {product} {ergonomic}
    uintx NonNMethodCodeHeapSize                   = 5839372                                {pd product} {ergonomic}
    uintx NonProfiledCodeHeapSize                  = 122909434                              {pd product} {ergonomic}
    uintx ProfiledCodeHeapSize                     = 122909434                              {pd product} {ergonomic}
    uintx ReservedCodeCacheSize                    = 251658240                              {pd product} {ergonomic}
     bool SegmentedCodeCache                       = true                                      {product} {ergonomic}
   size_t SoftMaxHeapSize                          = 2090860544                             {manageable} {ergonomic}
     bool UseCompressedClassPointers               = true                           {product lp64_product} {ergonomic}
     bool UseCompressedOops                        = true                           {product lp64_product} {ergonomic}
     bool UseG1GC                                  = true                                      {product} {ergonomic}
     bool UseLargePagesIndividualAllocation        = false                                  {pd product} {ergonomic}

Logging:
Log output configuration:
 #0: stdout all=warning uptime,level,tags foldmultilines=false
 #1: stderr all=off uptime,level,tags foldmultilines=false

Environment Variables:
PATH=C:\Program Files\Common Files\Oracle\Java\javapath;C:\Program Files (x86)\Common Files\Oracle\Java\java8path;C:\Program Files (x86)\Common Files\Oracle\Java\javapath;C:\Windows\system32;C:\Windows;C:\Windows\System32\Wbem;C:\Windows\System32\WindowsPowerShell\v1.0\;C:\Windows\System32\OpenSSH\;C:\Program Files (x86)\NVIDIA Corporation\PhysX\Common;C:\WINDOWS\system32;C:\WINDOWS;C:\WINDOWS\System32\Wbem;C:\WINDOWS\System32\WindowsPowerShell\v1.0\;C:\WINDOWS\System32\OpenSSH\;C:\Program Files\dotnet\;C:\Program Files\Azure Data Studio\bin;C:\Program Files (x86)\Microsoft SQL Server\160\Tools\Binn\;C:\Program Files\Microsoft SQL Server\160\Tools\Binn\;C:\Program Files\Microsoft SQL Server\Client SDK\ODBC\170\Tools\Binn\;C:\Program Files\Microsoft SQL Server\160\DTS\Binn\;C:\Program Files\Cloudflare\Cloudflare WARP\;C:\xampp\xampp_start;C:\xampp\xampp-control;C:\xampp\xampp_stop;C:\xampp\php;C:\Program Files\MinGW\bin;C:\TDM-GCC-32\bin;C:\composer;C:\Program Files\Git\cmd;C:\xampp\php;C:\Users\rangg\AppData\Local\Microsoft\WindowsApps;;C:\Users\rangg\AppData\Local\Programs\Microsoft VS Code\bin;C:\Program Files\Azure Data Studio\bin;C:\Users\rangg\AppData\Roaming\Composer\vendor\bin
USERNAME=rangg
OS=Windows_NT
PROCESSOR_IDENTIFIER=Intel64 Family 6 Model 141 Stepping 1, GenuineIntel
TMP=C:\Users\rangg\AppData\Local\Temp
TEMP=C:\Users\rangg\AppData\Local\Temp



---------------  S Y S T E M  ---------------

OS:
 Windows 11 , 64 bit Build 22621 (10.0.22621.4391)
OS uptime: 1 days 0:43 hours

CPU: total 12 (initial active 12) (6 cores per cpu, 2 threads per core) family 6 model 141 stepping 1 microcode 0x3c, cx8, cmov, fxsr, ht, mmx, 3dnowpref, sse, sse2, sse3, ssse3, sse4.1, sse4.2, popcnt, lzcnt, tsc, tscinvbit, avx, avx2, aes, erms, clmul, bmi1, bmi2, adx, avx512f, avx512dq, avx512cd, avx512bw, avx512vl, sha, fma, vzeroupper, avx512_vpopcntdq, avx512_vpclmulqdq, avx512_vaes, avx512_vnni, clflush, clflushopt, clwb, avx512_vbmi2, avx512_vbmi, rdtscp, rdpid, fsrm, gfni, avx512_bitalg

Memory: 4k page, system-wide physical 7971M (419M free)
TotalPageFile size 32547M (AvailPageFile size 50M)
current process WorkingSet (physical memory assigned to process): 11M, peak: 11M
current process commit charge ("private bytes"): 64M, peak: 190M

vm_info: OpenJDK 64-Bit Server VM (19.0.2+7-44) for windows-amd64 JRE (19.0.2+7-44), built on 2022-11-30T18:02:09Z by "mach5one" with MS VC++ 17.1 (VS2022)

END.
